<?xml version="1.0" encoding="UTF-8"?>
<!-- Generated by org.testng.reporters.JUnitReportReporter -->
<testsuite hostname="Puneeth" failures="0" tests="2" name="com.testcases.LoginTest" time="7.199" errors="0" timestamp="2024-01-26T12:51:47 IST" skipped="0">
  <testcase classname="com.testcases.LoginTest" name="login" time="7.196"/>
  <testcase classname="com.testcases.LoginTest" name="test2" time="0.003"/>
</testsuite> <!-- com.testcases.LoginTest -->
