<?xml version="1.0" encoding="UTF-8"?>
<!-- Generated by org.testng.reporters.JUnitReportReporter -->
<testsuite hostname="Puneeth" failures="0" tests="1" name="com.pages.Demo_report" time="10.396" errors="0" timestamp="2024-02-06T15:11:43 IST" skipped="0">
  <testcase classname="com.pages.Demo_report" name="search" time="10.396"/>
</testsuite> <!-- com.pages.Demo_report -->
