<?xml version="1.0" encoding="UTF-8"?>
<!-- Generated by org.testng.reporters.JUnitReportReporter -->
<testsuite hostname="Puneeth" failures="0" tests="1" name="com.testcases.LoginTestcase" time="5.020" errors="0" timestamp="2024-01-28T12:40:45 IST" skipped="0">
  <testcase classname="com.testcases.LoginTestcase" name="loginTest" time="5.020"/>
</testsuite> <!-- com.testcases.LoginTestcase -->
