<?xml version="1.0" encoding="UTF-8"?>
<!-- Generated by org.testng.reporters.JUnitReportReporter -->
<testsuite hostname="Puneeth" failures="0" tests="1" name="com.pages.GroupsTesting" time="16.670" errors="0" timestamp="2024-02-12T09:52:55 IST" skipped="0">
  <testcase classname="com.pages.GroupsTesting" name="test3" time="16.670"/>
</testsuite> <!-- com.pages.GroupsTesting -->
